
The following have been reloaded with a version change:
  1) zlib/1.2.12 => zlib/1.2.13


The following have been reloaded with a version change:
  1) Python/3.11.3 => Python/3.10.4     5) libreadline/8.2 => libreadline/8.1.2
  2) SQLite/3.42.0 => SQLite/3.38.3     6) ncurses/6.4 => ncurses/6.3
  3) Tcl/8.6.13 => Tcl/8.6.12           7) zlib/1.2.13 => zlib/1.2.12
  4) libffi/3.4.4 => libffi/3.4.2

Requirement already satisfied: pip in ./myenv/lib/python3.9/site-packages (24.2)
Requirement already satisfied: numpy in ./myenv/lib/python3.9/site-packages (from -r requirements.txt (line 1)) (2.0.1)
Requirement already satisfied: ete3 in ./myenv/lib/python3.9/site-packages (from -r requirements.txt (line 2)) (3.1.3)
Requirement already satisfied: matplotlib in ./myenv/lib/python3.9/site-packages (from -r requirements.txt (line 3)) (3.9.1)
Requirement already satisfied: tqdm in ./myenv/lib/python3.9/site-packages (from -r requirements.txt (line 4)) (4.66.4)
Requirement already satisfied: scipy in ./myenv/lib/python3.9/site-packages (from -r requirements.txt (line 5)) (1.13.1)
Requirement already satisfied: num2words in ./myenv/lib/python3.9/site-packages (from -r requirements.txt (line 6)) (0.5.13)
Requirement already satisfied: PyQt5 in ./myenv/lib/python3.9/site-packages (from -r requirements.txt (line 7)) (5.15.11)
Requirement already satisfied: contourpy>=1.0.1 in ./myenv/lib/python3.9/site-packages (from matplotlib->-r requirements.txt (line 3)) (1.2.1)
Requirement already satisfied: cycler>=0.10 in ./myenv/lib/python3.9/site-packages (from matplotlib->-r requirements.txt (line 3)) (0.12.1)
Requirement already satisfied: fonttools>=4.22.0 in ./myenv/lib/python3.9/site-packages (from matplotlib->-r requirements.txt (line 3)) (4.53.1)
Requirement already satisfied: kiwisolver>=1.3.1 in ./myenv/lib/python3.9/site-packages (from matplotlib->-r requirements.txt (line 3)) (1.4.5)
Requirement already satisfied: packaging>=20.0 in ./myenv/lib/python3.9/site-packages (from matplotlib->-r requirements.txt (line 3)) (24.1)
Requirement already satisfied: pillow>=8 in ./myenv/lib/python3.9/site-packages (from matplotlib->-r requirements.txt (line 3)) (10.4.0)
Requirement already satisfied: pyparsing>=2.3.1 in ./myenv/lib/python3.9/site-packages (from matplotlib->-r requirements.txt (line 3)) (3.1.2)
Requirement already satisfied: python-dateutil>=2.7 in ./myenv/lib/python3.9/site-packages (from matplotlib->-r requirements.txt (line 3)) (2.9.0.post0)
Requirement already satisfied: importlib-resources>=3.2.0 in ./myenv/lib/python3.9/site-packages (from matplotlib->-r requirements.txt (line 3)) (6.4.0)
Requirement already satisfied: docopt>=0.6.2 in ./myenv/lib/python3.9/site-packages (from num2words->-r requirements.txt (line 6)) (0.6.2)
Requirement already satisfied: PyQt5-sip<13,>=12.15 in ./myenv/lib/python3.9/site-packages (from PyQt5->-r requirements.txt (line 7)) (12.15.0)
Requirement already satisfied: PyQt5-Qt5<5.16.0,>=5.15.2 in ./myenv/lib/python3.9/site-packages (from PyQt5->-r requirements.txt (line 7)) (5.15.14)
Requirement already satisfied: zipp>=3.1.0 in ./myenv/lib/python3.9/site-packages (from importlib-resources>=3.2.0->matplotlib->-r requirements.txt (line 3)) (3.19.2)
Requirement already satisfied: six>=1.5 in ./myenv/lib/python3.9/site-packages (from python-dateutil>=2.7->matplotlib->-r requirements.txt (line 3)) (1.16.0)
running code
cpu_count is 128
beginning simulations...
	generated tree with 69 nodes
simulations done...
starting MCMC chains...

 67%|██████▋   | 6718/10000 [191:50:51<102:50:09, 112.80s/it][A
slurmstepd: error: *** JOB 63593057 ON spartan-bm172 CANCELLED AT 2024-08-10T15:44:02 DUE TO TIME LIMIT ***
 67%|██████▋   | 6720/10000 [191:54:00<97:01:53, 106.50s/it] [Aslurmstepd: error: *** STEP 63593057.0 ON spartan-bm172 CANCELLED AT 2024-08-10T15:44:02 DUE TO TIME LIMIT ***
srun: Job step aborted: Waiting up to 122 seconds for job step to finish.
