
The following have been reloaded with a version change:
  1) zlib/1.2.12 => zlib/1.2.13


The following have been reloaded with a version change:
  1) Python/3.11.3 => Python/3.10.4     5) libreadline/8.2 => libreadline/8.1.2
  2) SQLite/3.42.0 => SQLite/3.38.3     6) ncurses/6.4 => ncurses/6.3
  3) Tcl/8.6.13 => Tcl/8.6.12           7) zlib/1.2.13 => zlib/1.2.12
  4) libffi/3.4.4 => libffi/3.4.2

Requirement already satisfied: pip in ./myenv/lib/python3.9/site-packages (24.2)
Requirement already satisfied: numpy in ./myenv/lib/python3.9/site-packages (from -r requirements.txt (line 1)) (2.0.1)
Requirement already satisfied: ete3 in ./myenv/lib/python3.9/site-packages (from -r requirements.txt (line 2)) (3.1.3)
Requirement already satisfied: matplotlib in ./myenv/lib/python3.9/site-packages (from -r requirements.txt (line 3)) (3.9.1)
Requirement already satisfied: tqdm in ./myenv/lib/python3.9/site-packages (from -r requirements.txt (line 4)) (4.66.4)
Requirement already satisfied: scipy in ./myenv/lib/python3.9/site-packages (from -r requirements.txt (line 5)) (1.13.1)
Requirement already satisfied: num2words in ./myenv/lib/python3.9/site-packages (from -r requirements.txt (line 6)) (0.5.13)
Requirement already satisfied: PyQt5 in ./myenv/lib/python3.9/site-packages (from -r requirements.txt (line 7)) (5.15.11)
Requirement already satisfied: contourpy>=1.0.1 in ./myenv/lib/python3.9/site-packages (from matplotlib->-r requirements.txt (line 3)) (1.2.1)
Requirement already satisfied: cycler>=0.10 in ./myenv/lib/python3.9/site-packages (from matplotlib->-r requirements.txt (line 3)) (0.12.1)
Requirement already satisfied: fonttools>=4.22.0 in ./myenv/lib/python3.9/site-packages (from matplotlib->-r requirements.txt (line 3)) (4.53.1)
Requirement already satisfied: kiwisolver>=1.3.1 in ./myenv/lib/python3.9/site-packages (from matplotlib->-r requirements.txt (line 3)) (1.4.5)
Requirement already satisfied: packaging>=20.0 in ./myenv/lib/python3.9/site-packages (from matplotlib->-r requirements.txt (line 3)) (24.1)
Requirement already satisfied: pillow>=8 in ./myenv/lib/python3.9/site-packages (from matplotlib->-r requirements.txt (line 3)) (10.4.0)
Requirement already satisfied: pyparsing>=2.3.1 in ./myenv/lib/python3.9/site-packages (from matplotlib->-r requirements.txt (line 3)) (3.1.2)
Requirement already satisfied: python-dateutil>=2.7 in ./myenv/lib/python3.9/site-packages (from matplotlib->-r requirements.txt (line 3)) (2.9.0.post0)
Requirement already satisfied: importlib-resources>=3.2.0 in ./myenv/lib/python3.9/site-packages (from matplotlib->-r requirements.txt (line 3)) (6.4.0)
Requirement already satisfied: docopt>=0.6.2 in ./myenv/lib/python3.9/site-packages (from num2words->-r requirements.txt (line 6)) (0.6.2)
Requirement already satisfied: PyQt5-sip<13,>=12.15 in ./myenv/lib/python3.9/site-packages (from PyQt5->-r requirements.txt (line 7)) (12.15.0)
Requirement already satisfied: PyQt5-Qt5<5.16.0,>=5.15.2 in ./myenv/lib/python3.9/site-packages (from PyQt5->-r requirements.txt (line 7)) (5.15.14)
Requirement already satisfied: zipp>=3.1.0 in ./myenv/lib/python3.9/site-packages (from importlib-resources>=3.2.0->matplotlib->-r requirements.txt (line 3)) (3.19.2)
Requirement already satisfied: six>=1.5 in ./myenv/lib/python3.9/site-packages (from python-dateutil>=2.7->matplotlib->-r requirements.txt (line 3)) (1.16.0)
running code
cpu_count is 128
beginning simulations...
1 ~ 'N' ~ 13.31
	â”œâ”€â”€0.88 ~ 'N' ~ 12.42
		    â”œâ”€â”€1.22 ~ 'N' ~ 11.2
			      â”œâ”€â”€11.2 ~ 'SpeciesZero' ~ 0
			      â””â”€â”€0.15 ~ 'N' ~ 11.05
				        â”œâ”€â”€0.02 ~ 'N' ~ 11.04
					          â”œâ”€â”€11.04 ~ 'SpeciesOne' ~ 0
					          â””â”€â”€11.04 ~ 'SpeciesTwo' ~ 0
				        â””â”€â”€0.06 ~ 'N' ~ 10.99
					          â”œâ”€â”€0.4 ~ 'N' ~ 10.59
						            â”œâ”€â”€5.37 ~ 'N' ~ 5.22
							              â”œâ”€â”€3.03 ~ 'N' ~ 2.18
								               â”œâ”€â”€2.18 ~ 'SpeciesThree' ~ 0
								               â””â”€â”€2.07 ~ 'N' ~ 0.11
									                 â”œâ”€â”€0.11 ~ 'SpeciesFour' ~ 0
									                 â””â”€â”€0.11 ~ 'SpeciesFive' ~ 0
							              â””â”€â”€5.22 ~ 'SpeciesSix' ~ 0
						            â””â”€â”€0.01 ~ 'N' ~ 10.58
							              â”œâ”€â”€10.58 ~ 'SpeciesSeven' ~ 0
							              â””â”€â”€1.15 ~ 'N' ~ 9.43
								               â”œâ”€â”€1.56 ~ 'N' ~ 7.87
									                 â”œâ”€â”€0.47 ~ 'N' ~ 7.4
										                   â”œâ”€â”€3.32 ~ 'N' ~ 4.08
											                     â”œâ”€â”€4.08 ~ 'SpeciesEight' ~ 0
											                     â””â”€â”€4.08 ~ 'SpeciesNine' ~ 0
										                   â””â”€â”€3.42 ~ 'N' ~ 3.98
											                     â”œâ”€â”€3.98 ~ 'SpeciesTen' ~ 0
											                     â””â”€â”€3.98 ~ 'SpeciesEleven' ~ 0
									                 â””â”€â”€3.74 ~ 'N' ~ 4.14
										                   â”œâ”€â”€0.98 ~ 'N' ~ 3.16
											                     â”œâ”€â”€2.11 ~ 'N' ~ 1.05
												                      â”œâ”€â”€1.05 ~ 'SpeciesTwelve' ~ 0
												                      â””â”€â”€0.67 ~ 'N' ~ 0.38
													                        â”œâ”€â”€0.38 ~ 'SpeciesThirteen' ~ 0
													                        â””â”€â”€0.38 ~ 'SpeciesFourteen' ~ 0
											                     â””â”€â”€3.16 ~ 'SpeciesFifteen' ~ 0
										                   â””â”€â”€0.79 ~ 'N' ~ 3.34
											                     â”œâ”€â”€3.34 ~ 'SpeciesSixteen' ~ 0
											                     â””â”€â”€3.34 ~ 'SpeciesSeventeen' ~ 0
								               â””â”€â”€9.43 ~ 'SpeciesEighteen' ~ 0
					          â””â”€â”€2.19 ~ 'N' ~ 8.8
						            â”œâ”€â”€0.65 ~ 'N' ~ 8.15
							              â”œâ”€â”€0.55 ~ 'N' ~ 7.6
								               â”œâ”€â”€7.6 ~ 'SpeciesNineteen' ~ 0
								               â””â”€â”€7.6 ~ 'SpeciesTwenty' ~ 0
							              â””â”€â”€2.0 ~ 'N' ~ 6.15
								               â”œâ”€â”€0.58 ~ 'N' ~ 5.57
									                 â”œâ”€â”€0.53 ~ 'N' ~ 5.04
										                   â”œâ”€â”€5.04 ~ 'SpeciesTwenty-One' ~ 0
										                   â””â”€â”€0.41 ~ 'N' ~ 4.63
											                     â”œâ”€â”€1.52 ~ 'N' ~ 3.1
												                      â”œâ”€â”€0.57 ~ 'N' ~ 2.53
													                        â”œâ”€â”€2.53 ~ 'SpeciesTwenty-Two' ~ 0
													                        â””â”€â”€2.53 ~ 'SpeciesTwenty-Three' ~ 0
												                      â””â”€â”€0.1 ~ 'N' ~ 3.0
													                        â”œâ”€â”€1.69 ~ 'N' ~ 1.31
														                          â”œâ”€â”€1.31 ~ 'SpeciesTwenty-Four' ~ 0
														                          â””â”€â”€1.31 ~ 'SpeciesTwenty-Five' ~ 0
													                        â””â”€â”€0.99 ~ 'N' ~ 2.02
														                          â”œâ”€â”€0.24 ~ 'N' ~ 1.78
															                            â”œâ”€â”€1.78 ~ 'SpeciesTwenty-Six' ~ 0
															                            â””â”€â”€1.78 ~ 'SpeciesTwenty-Seven' ~ 0
														                          â””â”€â”€0.33 ~ 'N' ~ 1.68
															                            â”œâ”€â”€1.68 ~ 'SpeciesTwenty-Eight' ~ 0
															                            â””â”€â”€0.18 ~ 'N' ~ 1.5
																                              â”œâ”€â”€0.52 ~ 'N' ~ 0.98
																	                                â”œâ”€â”€0.98 ~ 'SpeciesTwenty-Nine' ~ 0
																	                                â””â”€â”€0.56 ~ 'N' ~ 0.42
																		                                 â”œâ”€â”€0.42 ~ 'SpeciesThirty' ~ 0
																		                                 â””â”€â”€0.42 ~ 'SpeciesThirty-One' ~ 0
																                              â””â”€â”€0.16 ~ 'N' ~ 1.33
																	                                â”œâ”€â”€1.12 ~ 'N' ~ 0.22
																		                                 â”œâ”€â”€0.22 ~ 'SpeciesThirty-Two' ~ 0
																		                                 â””â”€â”€0.22 ~ 'SpeciesThirty-Three' ~ 0
																	                                â””â”€â”€0.68 ~ 'N' ~ 0.65
																		                                 â”œâ”€â”€0.65 ~ 'SpeciesThirty-Four' ~ 0
																		                                 â””â”€â”€0.65 ~ 'SpeciesThirty-Five' ~ 0
											                     â””â”€â”€2.16 ~ 'N' ~ 2.46
												                      â”œâ”€â”€0.95 ~ 'N' ~ 1.51
													                        â”œâ”€â”€0.04 ~ 'N' ~ 1.48
														                          â”œâ”€â”€1.48 ~ 'SpeciesThirty-Six' ~ 0
														                          â””â”€â”€0.87 ~ 'N' ~ 0.6
															                            â”œâ”€â”€0.6 ~ 'SpeciesThirty-Seven' ~ 0
															                            â””â”€â”€0.6 ~ 'N' ~ 0.0
																                              â”œâ”€â”€0.0 ~ 'SpeciesThirty-Eight' ~ 0
																                              â””â”€â”€0.0 ~ 'SpeciesThirty-Nine' ~ 0
													                        â””â”€â”€1.51 ~ 'SpeciesForty' ~ 0
												                      â””â”€â”€1.56 ~ 'N' ~ 0.9
													                        â”œâ”€â”€0.9 ~ 'SpeciesForty-One' ~ 0
													                        â””â”€â”€0.89 ~ 'N' ~ 0.01
														                          â”œâ”€â”€0.01 ~ 'SpeciesForty-Two' ~ 0
														                          â””â”€â”€0.01 ~ 'SpeciesForty-Three' ~ 0
									                 â””â”€â”€5.57 ~ 'SpeciesForty-Four' ~ 0
								               â””â”€â”€0.13 ~ 'N' ~ 6.02
									                 â”œâ”€â”€6.02 ~ 'SpeciesForty-Five' ~ 0
									                 â””â”€â”€6.02 ~ 'SpeciesForty-Six' ~ 0
						            â””â”€â”€8.8 ~ 'SpeciesForty-Seven' ~ 0
		    â””â”€â”€12.1 ~ 'N' ~ 0.32
			      â”œâ”€â”€0.32 ~ 'SpeciesForty-Eight' ~ 0
			      â””â”€â”€0.32 ~ 'SpeciesForty-Nine' ~ 0
	â””â”€â”€13.31 ~ 'SpeciesFifty' ~ 0

	generated tree with 51 nodes
simulations done...
starting MCMC chains...
cpu_count is 128
beginning simulations...
1 ~ 'N' ~ 14.83
	â”œâ”€â”€2.05 ~ 'N' ~ 12.78
		    â”œâ”€â”€1.52 ~ 'N' ~ 11.26
			      â”œâ”€â”€0.29 ~ 'N' ~ 10.97
				        â”œâ”€â”€0.15 ~ 'N' ~ 10.82
					          â”œâ”€â”€1.15 ~ 'N' ~ 9.67
						            â”œâ”€â”€0.08 ~ 'N' ~ 9.59
							              â”œâ”€â”€0.06 ~ 'N' ~ 9.53
								               â”œâ”€â”€9.53 ~ 'SpeciesZero' ~ 0
								               â””â”€â”€0.66 ~ 'N' ~ 8.87
									                 â”œâ”€â”€0.23 ~ 'N' ~ 8.64
										                   â”œâ”€â”€8.64 ~ 'SpeciesOne' ~ 0
										                   â””â”€â”€0.39 ~ 'N' ~ 8.25
											                     â”œâ”€â”€8.25 ~ 'SpeciesTwo' ~ 0
											                     â””â”€â”€0.52 ~ 'N' ~ 7.74
												                      â”œâ”€â”€7.74 ~ 'SpeciesThree' ~ 0
												                      â””â”€â”€7.74 ~ 'SpeciesFour' ~ 0
									                 â””â”€â”€2.86 ~ 'N' ~ 6.01
										                   â”œâ”€â”€2.01 ~ 'N' ~ 4.01
											                     â”œâ”€â”€4.01 ~ 'SpeciesFive' ~ 0
											                     â””â”€â”€4.01 ~ 'SpeciesSix' ~ 0
										                   â””â”€â”€6.01 ~ 'SpeciesSeven' ~ 0
							              â””â”€â”€8.17 ~ 'N' ~ 1.42
								               â”œâ”€â”€1.42 ~ 'SpeciesEight' ~ 0
								               â””â”€â”€1.42 ~ 'SpeciesNine' ~ 0
						            â””â”€â”€0.17 ~ 'N' ~ 9.5
							              â”œâ”€â”€1.13 ~ 'N' ~ 8.37
								               â”œâ”€â”€0.18 ~ 'N' ~ 8.19
									                 â”œâ”€â”€2.76 ~ 'N' ~ 5.43
										                   â”œâ”€â”€5.43 ~ 'SpeciesTen' ~ 0
										                   â””â”€â”€3.24 ~ 'N' ~ 2.19
											                     â”œâ”€â”€2.19 ~ 'SpeciesEleven' ~ 0
											                     â””â”€â”€0.23 ~ 'N' ~ 1.96
												                      â”œâ”€â”€1.96 ~ 'SpeciesTwelve' ~ 0
												                      â””â”€â”€1.96 ~ 'SpeciesThirteen' ~ 0
									                 â””â”€â”€3.78 ~ 'N' ~ 4.41
										                   â”œâ”€â”€3.59 ~ 'N' ~ 0.82
											                     â”œâ”€â”€0.82 ~ 'SpeciesFourteen' ~ 0
											                     â””â”€â”€0.82 ~ 'SpeciesFifteen' ~ 0
										                   â””â”€â”€4.41 ~ 'SpeciesSixteen' ~ 0
								               â””â”€â”€0.34 ~ 'N' ~ 8.03
									                 â”œâ”€â”€3.29 ~ 'N' ~ 4.75
										                   â”œâ”€â”€2.79 ~ 'N' ~ 1.96
											                     â”œâ”€â”€1.96 ~ 'SpeciesSeventeen' ~ 0
											                     â””â”€â”€1.17 ~ 'N' ~ 0.79
												                      â”œâ”€â”€0.54 ~ 'N' ~ 0.25
													                        â”œâ”€â”€0.25 ~ 'SpeciesEighteen' ~ 0
													                        â””â”€â”€0.25 ~ 'SpeciesNineteen' ~ 0
												                      â””â”€â”€0.79 ~ 'SpeciesTwenty' ~ 0
										                   â””â”€â”€4.75 ~ 'SpeciesTwenty-One' ~ 0
									                 â””â”€â”€0.19 ~ 'N' ~ 7.84
										                   â”œâ”€â”€0.68 ~ 'N' ~ 7.16
											                     â”œâ”€â”€6.53 ~ 'N' ~ 0.63
												                      â”œâ”€â”€0.63 ~ 'SpeciesTwenty-Two' ~ 0
												                      â””â”€â”€0.63 ~ 'SpeciesTwenty-Three' ~ 0
											                     â””â”€â”€7.16 ~ 'SpeciesTwenty-Four' ~ 0
										                   â””â”€â”€1.42 ~ 'N' ~ 6.42
											                     â”œâ”€â”€6.42 ~ 'SpeciesTwenty-Five' ~ 0
											                     â””â”€â”€1.22 ~ 'N' ~ 5.2
												                      â”œâ”€â”€5.2 ~ 'SpeciesTwenty-Six' ~ 0
												                      â””â”€â”€2.18 ~ 'N' ~ 3.02
													                        â”œâ”€â”€0.52 ~ 'N' ~ 2.51
														                          â”œâ”€â”€2.51 ~ 'SpeciesTwenty-Seven' ~ 0
														                          â””â”€â”€2.51 ~ 'SpeciesTwenty-Eight' ~ 0
													                        â””â”€â”€3.02 ~ 'SpeciesTwenty-Nine' ~ 0
							              â””â”€â”€1.74 ~ 'N' ~ 7.76
								               â”œâ”€â”€0.17 ~ 'N' ~ 7.59
									                 â”œâ”€â”€0.62 ~ 'N' ~ 6.97
										                   â”œâ”€â”€6.97 ~ 'SpeciesThirty' ~ 0
										                   â””â”€â”€0.48 ~ 'N' ~ 6.49
											                     â”œâ”€â”€6.49 ~ 'SpeciesThirty-One' ~ 0
											                     â””â”€â”€6.44 ~ 'N' ~ 0.05
												                      â”œâ”€â”€0.05 ~ 'SpeciesThirty-Two' ~ 0
												                      â””â”€â”€0.05 ~ 'SpeciesThirty-Three' ~ 0
									                 â””â”€â”€1.22 ~ 'N' ~ 6.37
										                   â”œâ”€â”€6.37 ~ 'SpeciesThirty-Four' ~ 0
										                   â””â”€â”€1.06 ~ 'N' ~ 5.31
											                     â”œâ”€â”€5.31 ~ 'SpeciesThirty-Five' ~ 0
											                     â””â”€â”€2.27 ~ 'N' ~ 3.05
												                      â”œâ”€â”€3.05 ~ 'SpeciesThirty-Six' ~ 0
												                      â””â”€â”€3.05 ~ 'SpeciesThirty-Seven' ~ 0
								               â””â”€â”€0.65 ~ 'N' ~ 7.1
									                 â”œâ”€â”€1.07 ~ 'N' ~ 6.04
										                   â”œâ”€â”€4.21 ~ 'N' ~ 1.83
											                     â”œâ”€â”€0.72 ~ 'N' ~ 1.11
												                      â”œâ”€â”€1.11 ~ 'SpeciesThirty-Eight' ~ 0
												                      â””â”€â”€1.11 ~ 'SpeciesThirty-Nine' ~ 0
											                     â””â”€â”€1.83 ~ 'SpeciesForty' ~ 0
										                   â””â”€â”€0.16 ~ 'N' ~ 5.87
											                     â”œâ”€â”€0.82 ~ 'N' ~ 5.05
												                      â”œâ”€â”€1.53 ~ 'N' ~ 3.52
													                        â”œâ”€â”€3.52 ~ 'SpeciesForty-One' ~ 0
													                        â””â”€â”€3.52 ~ 'SpeciesForty-Two' ~ 0
												                      â””â”€â”€0.29 ~ 'N' ~ 4.76
													                        â”œâ”€â”€1.52 ~ 'N' ~ 3.24
														                          â”œâ”€â”€1.02 ~ 'N' ~ 2.22
															                            â”œâ”€â”€2.22 ~ 'SpeciesForty-Three' ~ 0
															                            â””â”€â”€2.22 ~ 'SpeciesForty-Four' ~ 0
														                          â””â”€â”€2.77 ~ 'N' ~ 0.48
															                            â”œâ”€â”€0.48 ~ 'SpeciesForty-Five' ~ 0
															                            â””â”€â”€0.48 ~ 'SpeciesForty-Six' ~ 0
													                        â””â”€â”€0.49 ~ 'N' ~ 4.28
														                          â”œâ”€â”€1.66 ~ 'N' ~ 2.62
															                            â”œâ”€â”€1.18 ~ 'N' ~ 1.44
																                              â”œâ”€â”€1.44 ~ 'SpeciesForty-Seven' ~ 0
																                              â””â”€â”€1.44 ~ 'SpeciesForty-Eight' ~ 0
															                            â””â”€â”€2.62 ~ 'SpeciesForty-Nine' ~ 0
														                          â””â”€â”€4.28 ~ 'SpeciesFifty' ~ 0
											                     â””â”€â”€0.07 ~ 'N' ~ 5.81
												                      â”œâ”€â”€0.54 ~ 'N' ~ 5.26
													                        â”œâ”€â”€3.24 ~ 'N' ~ 2.02
														                          â”œâ”€â”€2.02 ~ 'SpeciesFifty-One' ~ 0
														                          â””â”€â”€2.02 ~ 'SpeciesFifty-Two' ~ 0
													                        â””â”€â”€5.26 ~ 'SpeciesFifty-Three' ~ 0
												                      â””â”€â”€2.77 ~ 'N' ~ 3.04
													                        â”œâ”€â”€1.07 ~ 'N' ~ 1.97
														                          â”œâ”€â”€0.05 ~ 'N' ~ 1.91
															                            â”œâ”€â”€1.91 ~ 'SpeciesFifty-Four' ~ 0
															                            â””â”€â”€1.91 ~ 'SpeciesFifty-Five' ~ 0
														                          â””â”€â”€1.97 ~ 'SpeciesFifty-Six' ~ 0
													                        â””â”€â”€3.04 ~ 'SpeciesFifty-Seven' ~ 0
									                 â””â”€â”€7.1 ~ 'SpeciesFifty-Eight' ~ 0
					          â””â”€â”€4.79 ~ 'N' ~ 6.03
						            â”œâ”€â”€6.03 ~ 'SpeciesFifty-Nine' ~ 0
						            â””â”€â”€1.53 ~ 'N' ~ 4.5
							              â”œâ”€â”€4.5 ~ 'SpeciesSixty' ~ 0
							              â””â”€â”€4.5 ~ 'SpeciesSixty-One' ~ 0
				        â””â”€â”€10.49 ~ 'N' ~ 0.48
					          â”œâ”€â”€0.48 ~ 'SpeciesSixty-Two' ~ 0
					          â””â”€â”€0.48 ~ 'SpeciesSixty-Three' ~ 0
			      â””â”€â”€2.84 ~ 'N' ~ 8.42
				        â”œâ”€â”€7.34 ~ 'N' ~ 1.08
					          â”œâ”€â”€1.08 ~ 'SpeciesSixty-Four' ~ 0
					          â””â”€â”€1.08 ~ 'SpeciesSixty-Five' ~ 0
				        â””â”€â”€8.42 ~ 'SpeciesSixty-Six' ~ 0
		    â””â”€â”€0.02 ~ 'N' ~ 12.76
			      â”œâ”€â”€12.76 ~ 'SpeciesSixty-Seven' ~ 0
			      â””â”€â”€4.9 ~ 'N' ~ 7.87
				        â”œâ”€â”€7.87 ~ 'SpeciesSixty-Eight' ~ 0
				        â””â”€â”€7.87 ~ 'SpeciesSixty-Nine' ~ 0
	â””â”€â”€14.83 ~ 'SpeciesSeventy' ~ 0
cpu_count is 128
beginning simulations...
1 ~ 'N' ~ 14.89
	â”œâ”€â”€0.02 ~ 'N' ~ 14.87
		    â”œâ”€â”€0.3 ~ 'N' ~ 14.57
			      â”œâ”€â”€14.57 ~ 'SpeciesZero' ~ 0
			      â””â”€â”€0.0 ~ 'N' ~ 14.57
				        â”œâ”€â”€2.33 ~ 'N' ~ 12.24
					          â”œâ”€â”€2.0 ~ 'N' ~ 10.24
						            â”œâ”€â”€10.24 ~ 'SpeciesOne' ~ 0
						            â””â”€â”€0.26 ~ 'N' ~ 9.98
							              â”œâ”€â”€9.98 ~ 'SpeciesTwo' ~ 0
							              â””â”€â”€0.4 ~ 'N' ~ 9.58
								               â”œâ”€â”€1.12 ~ 'N' ~ 8.46
									                 â”œâ”€â”€0.22 ~ 'N' ~ 8.24
										                   â”œâ”€â”€8.24 ~ 'SpeciesThree' ~ 0
										                   â””â”€â”€1.54 ~ 'N' ~ 6.71
											                     â”œâ”€â”€0.61 ~ 'N' ~ 6.1
												                      â”œâ”€â”€6.1 ~ 'SpeciesFour' ~ 0
												                      â””â”€â”€1.44 ~ 'N' ~ 4.66
													                        â”œâ”€â”€0.74 ~ 'N' ~ 3.92

	generated tree with 71 nodes
simulations done...
starting MCMC chains...
														                          â”œâ”€â”€3.92 ~ 'SpeciesFive' ~ 0
														                          â””â”€â”€3.38 ~ 'N' ~ 0.54
															                            â”œâ”€â”€0.54 ~ 'SpeciesSix' ~ 0
															                            â””â”€â”€0.54 ~ 'SpeciesSeven' ~ 0
													                        â””â”€â”€4.66 ~ 'SpeciesEight' ~ 0
											                     â””â”€â”€6.71 ~ 'SpeciesNine' ~ 0
									                 â””â”€â”€8.46 ~ 'SpeciesTen' ~ 0
								               â””â”€â”€9.58 ~ 'SpeciesEleven' ~ 0
					          â””â”€â”€4.1 ~ 'N' ~ 8.14
						            â”œâ”€â”€8.14 ~ 'SpeciesTwelve' ~ 0
						            â””â”€â”€0.83 ~ 'N' ~ 7.3
							              â”œâ”€â”€7.3 ~ 'SpeciesThirteen' ~ 0
							              â””â”€â”€7.3 ~ 'SpeciesFourteen' ~ 0
				        â””â”€â”€0.18 ~ 'N' ~ 14.39
					          â”œâ”€â”€0.11 ~ 'N' ~ 14.28
						            â”œâ”€â”€14.28 ~ 'SpeciesFifteen' ~ 0
						            â””â”€â”€14.28 ~ 'SpeciesSixteen' ~ 0
					          â””â”€â”€0.06 ~ 'N' ~ 14.33
						            â”œâ”€â”€1.19 ~ 'N' ~ 13.14
							              â”œâ”€â”€13.14 ~ 'SpeciesSeventeen' ~ 0
							              â””â”€â”€7.48 ~ 'N' ~ 5.66
								               â”œâ”€â”€5.66 ~ 'SpeciesEighteen' ~ 0
								               â””â”€â”€5.66 ~ 'SpeciesNineteen' ~ 0
						            â””â”€â”€0.07 ~ 'N' ~ 14.26
							              â”œâ”€â”€8.23 ~ 'N' ~ 6.03
								               â”œâ”€â”€6.03 ~ 'SpeciesTwenty' ~ 0
								               â””â”€â”€6.03 ~ 'SpeciesTwenty-One' ~ 0
							              â””â”€â”€0.78 ~ 'N' ~ 13.47
								               â”œâ”€â”€9.0 ~ 'N' ~ 4.47
									                 â”œâ”€â”€0.38 ~ 'N' ~ 4.09
										                   â”œâ”€â”€4.09 ~ 'SpeciesTwenty-Two' ~ 0
										                   â””â”€â”€2.23 ~ 'N' ~ 1.87
											                     â”œâ”€â”€1.87 ~ 'SpeciesTwenty-Three' ~ 0
											                     â””â”€â”€1.87 ~ 'SpeciesTwenty-Four' ~ 0
									                 â””â”€â”€4.47 ~ 'SpeciesTwenty-Five' ~ 0
								               â””â”€â”€0.45 ~ 'N' ~ 13.02
									                 â”œâ”€â”€0.43 ~ 'N' ~ 12.59
										                   â”œâ”€â”€12.59 ~ 'SpeciesTwenty-Six' ~ 0
										                   â””â”€â”€1.08 ~ 'N' ~ 11.51
											                     â”œâ”€â”€11.51 ~ 'SpeciesTwenty-Seven' ~ 0
											                     â””â”€â”€0.15 ~ 'N' ~ 11.36
												                      â”œâ”€â”€11.36 ~ 'SpeciesTwenty-Eight' ~ 0
												                      â””â”€â”€11.36 ~ 'SpeciesTwenty-Nine' ~ 0
									                 â””â”€â”€0.75 ~ 'N' ~ 12.28
										                   â”œâ”€â”€0.07 ~ 'N' ~ 12.21
											                     â”œâ”€â”€12.21 ~ 'SpeciesThirty' ~ 0
											                     â””â”€â”€0.05 ~ 'N' ~ 12.16
												                      â”œâ”€â”€0.43 ~ 'N' ~ 11.73
													                        â”œâ”€â”€0.88 ~ 'N' ~ 10.85
														                          â”œâ”€â”€0.03 ~ 'N' ~ 10.82
															                            â”œâ”€â”€10.82 ~ 'SpeciesThirty-One' ~ 0
															                            â””â”€â”€0.31 ~ 'N' ~ 10.52
																                              â”œâ”€â”€2.13 ~ 'N' ~ 8.39
																	                                â”œâ”€â”€3.38 ~ 'N' ~ 5.01
																		                                 â”œâ”€â”€5.01 ~ 'SpeciesThirty-Two' ~ 0
																		                                 â””â”€â”€5.01 ~ 'SpeciesThirty-Three' ~ 0
																	                                â””â”€â”€7.7 ~ 'N' ~ 0.69
																		                                 â”œâ”€â”€0.69 ~ 'SpeciesThirty-Four' ~ 0
																		                                 â””â”€â”€0.69 ~ 'SpeciesThirty-Five' ~ 0
																                              â””â”€â”€0.36 ~ 'N' ~ 10.15
																	                                â”œâ”€â”€0.63 ~ 'N' ~ 9.52
																		                                 â”œâ”€â”€9.52 ~ 'SpeciesThirty-Six' ~ 0
																		                                 â””â”€â”€9.52 ~ 'SpeciesThirty-Seven' ~ 0
																	                                â””â”€â”€7.89 ~ 'N' ~ 2.27
																		                                 â”œâ”€â”€2.27 ~ 'SpeciesThirty-Eight' ~ 0
																		                                 â””â”€â”€0.36 ~ 'N' ~ 1.91
																			                                   â”œâ”€â”€1.91 ~ 'SpeciesThirty-Nine' ~ 0
																			                                   â””â”€â”€1.91 ~ 'SpeciesForty' ~ 0
														                          â””â”€â”€0.32 ~ 'N' ~ 10.53
															                            â”œâ”€â”€10.53 ~ 'SpeciesForty-One' ~ 0
															                            â””â”€â”€0.15 ~ 'N' ~ 10.38
																                              â”œâ”€â”€0.58 ~ 'N' ~ 9.8
																	                                â”œâ”€â”€0.92 ~ 'N' ~ 8.87
																		                                 â”œâ”€â”€0.37 ~ 'N' ~ 8.51
																			                                   â”œâ”€â”€8.51 ~ 'SpeciesForty-Two' ~ 0
																			                                   â””â”€â”€0.09 ~ 'N' ~ 8.42
																				                                     â”œâ”€â”€8.42 ~ 'SpeciesForty-Three' ~ 0
																				                                     â””â”€â”€0.1 ~ 'N' ~ 8.32
																					                                       â”œâ”€â”€3.27 ~ 'N' ~ 5.04
																						                                        â”œâ”€â”€1.53 ~ 'N' ~ 3.51
																							                                          â”œâ”€â”€2.26 ~ 'N' ~ 1.25
																								                                            â”œâ”€â”€1.25 ~ 'SpeciesForty-Four' ~ 0
																								                                            â””â”€â”€1.25 ~ 'SpeciesForty-Five' ~ 0
																							                                          â””â”€â”€3.41 ~ 'N' ~ 0.1
																								                                            â”œâ”€â”€0.1 ~ 'SpeciesForty-Six' ~ 0
																								                                            â””â”€â”€0.1 ~ 'SpeciesForty-Seven' ~ 0
																						                                        â””â”€â”€5.04 ~ 'SpeciesForty-Eight' ~ 0
																					                                       â””â”€â”€8.32 ~ 'SpeciesForty-Nine' ~ 0
																		                                 â””â”€â”€8.87 ~ 'SpeciesFifty' ~ 0
																	                                â””â”€â”€8.18 ~ 'N' ~ 1.62
																		                                 â”œâ”€â”€1.62 ~ 'SpeciesFifty-One' ~ 0
																		                                 â””â”€â”€1.62 ~ 'SpeciesFifty-Two' ~ 0
																                              â””â”€â”€0.35 ~ 'N' ~ 10.04
																	                                â”œâ”€â”€10.04 ~ 'SpeciesFifty-Three' ~ 0
																	                                â””â”€â”€10.04 ~ 'SpeciesFifty-Four' ~ 0
													                        â””â”€â”€11.73 ~ 'SpeciesFifty-Five' ~ 0
												                      â””â”€â”€0.06 ~ 'N' ~ 12.1
													                        â”œâ”€â”€2.26 ~ 'N' ~ 9.84
														                          â”œâ”€â”€3.2 ~ 'N' ~ 6.63
															                            â”œâ”€â”€0.36 ~ 'N' ~ 6.28
																                              â”œâ”€â”€0.21 ~ 'N' ~ 6.07
																	                                â”œâ”€â”€6.07 ~ 'SpeciesFifty-Six' ~ 0
																	                                â””â”€â”€6.07 ~ 'SpeciesFifty-Seven' ~ 0
																                              â””â”€â”€6.28 ~ 'SpeciesFifty-Eight' ~ 0
															                            â””â”€â”€0.43 ~ 'N' ~ 6.2
																                              â”œâ”€â”€6.2 ~ 'SpeciesFifty-Nine' ~ 0
																                              â””â”€â”€0.37 ~ 'N' ~ 5.83
																	                                â”œâ”€â”€5.83 ~ 'SpeciesSixty' ~ 0
																	                                â””â”€â”€2.47 ~ 'N' ~ 3.37
																		                                 â”œâ”€â”€3.37 ~ 'SpeciesSixty-One' ~ 0
																		                                 â””â”€â”€3.37 ~ 'SpeciesSixty-Two' ~ 0
														                          â””â”€â”€7.05 ~ 'N' ~ 2.78
															                            â”œâ”€â”€2.78 ~ 'SpeciesSixty-Three' ~ 0
															                            â””â”€â”€0.34 ~ 'N' ~ 2.44
																                              â”œâ”€â”€2.44 ~ 'SpeciesSixty-Four' ~ 0
																                              â””â”€â”€2.44 ~ 'SpeciesSixty-Five' ~ 0
													                        â””â”€â”€12.1 ~ 'SpeciesSixty-Six' ~ 0
										                   â””â”€â”€7.35 ~ 'N' ~ 4.93
											                     â”œâ”€â”€4.93 ~ 'SpeciesSixty-Seven' ~ 0
											                     â””â”€â”€3.05 ~ 'N' ~ 1.88
												                      â”œâ”€â”€1.88 ~ 'SpeciesSixty-Eight' ~ 0
												                      â””â”€â”€0.79 ~ 'N' ~ 1.09
													                        â”œâ”€â”€1.09 ~ 'SpeciesSixty-Nine' ~ 0
													                        â””â”€â”€1.09 ~ 'SpeciesSeventy' ~ 0
		    â””â”€â”€14.87 ~ 'SpeciesSeventy-One' ~ 0
	â””â”€â”€14.89 ~ 'SpeciesSeventy-Two' ~ 0

	generated tree with 73 nodes
simulations done...
starting MCMC chains...


 55%|â–ˆâ–ˆâ–ˆâ–ˆâ–ˆâ–Œ    | 5526/10000 [170:32:46<108:41:03, 87.45s/it] [A
 41%|â–ˆâ–ˆâ–ˆâ–ˆ      | 4080/10000 [170:27:15<448:18:23, 272.62s/it][A
 72%|â–ˆâ–ˆâ–ˆâ–ˆâ–ˆâ–ˆâ–ˆâ–  | 7204/10000 [170:34:55<96:47:45, 124.63s/it][A
