
The following have been reloaded with a version change:
  1) zlib/1.2.12 => zlib/1.2.13


The following have been reloaded with a version change:
  1) Python/3.11.3 => Python/3.10.4     5) libreadline/8.2 => libreadline/8.1.2
  2) SQLite/3.42.0 => SQLite/3.38.3     6) ncurses/6.4 => ncurses/6.3
  3) Tcl/8.6.13 => Tcl/8.6.12           7) zlib/1.2.13 => zlib/1.2.12
  4) libffi/3.4.4 => libffi/3.4.2

Requirement already satisfied: pip in ./myenv/lib/python3.9/site-packages (24.2)
Requirement already satisfied: numpy in ./myenv/lib/python3.9/site-packages (from -r requirements.txt (line 1)) (2.0.1)
Requirement already satisfied: ete3 in ./myenv/lib/python3.9/site-packages (from -r requirements.txt (line 2)) (3.1.3)
Requirement already satisfied: matplotlib in ./myenv/lib/python3.9/site-packages (from -r requirements.txt (line 3)) (3.9.1)
Requirement already satisfied: tqdm in ./myenv/lib/python3.9/site-packages (from -r requirements.txt (line 4)) (4.66.4)
Requirement already satisfied: scipy in ./myenv/lib/python3.9/site-packages (from -r requirements.txt (line 5)) (1.13.1)
Requirement already satisfied: num2words in ./myenv/lib/python3.9/site-packages (from -r requirements.txt (line 6)) (0.5.13)
Requirement already satisfied: PyQt5 in ./myenv/lib/python3.9/site-packages (from -r requirements.txt (line 7)) (5.15.11)
Requirement already satisfied: contourpy>=1.0.1 in ./myenv/lib/python3.9/site-packages (from matplotlib->-r requirements.txt (line 3)) (1.2.1)
Requirement already satisfied: cycler>=0.10 in ./myenv/lib/python3.9/site-packages (from matplotlib->-r requirements.txt (line 3)) (0.12.1)
Requirement already satisfied: fonttools>=4.22.0 in ./myenv/lib/python3.9/site-packages (from matplotlib->-r requirements.txt (line 3)) (4.53.1)
Requirement already satisfied: kiwisolver>=1.3.1 in ./myenv/lib/python3.9/site-packages (from matplotlib->-r requirements.txt (line 3)) (1.4.5)
Requirement already satisfied: packaging>=20.0 in ./myenv/lib/python3.9/site-packages (from matplotlib->-r requirements.txt (line 3)) (24.1)
Requirement already satisfied: pillow>=8 in ./myenv/lib/python3.9/site-packages (from matplotlib->-r requirements.txt (line 3)) (10.4.0)
Requirement already satisfied: pyparsing>=2.3.1 in ./myenv/lib/python3.9/site-packages (from matplotlib->-r requirements.txt (line 3)) (3.1.2)
Requirement already satisfied: python-dateutil>=2.7 in ./myenv/lib/python3.9/site-packages (from matplotlib->-r requirements.txt (line 3)) (2.9.0.post0)
Requirement already satisfied: importlib-resources>=3.2.0 in ./myenv/lib/python3.9/site-packages (from matplotlib->-r requirements.txt (line 3)) (6.4.0)
Requirement already satisfied: docopt>=0.6.2 in ./myenv/lib/python3.9/site-packages (from num2words->-r requirements.txt (line 6)) (0.6.2)
Requirement already satisfied: PyQt5-sip<13,>=12.15 in ./myenv/lib/python3.9/site-packages (from PyQt5->-r requirements.txt (line 7)) (12.15.0)
Requirement already satisfied: PyQt5-Qt5<5.16.0,>=5.15.2 in ./myenv/lib/python3.9/site-packages (from PyQt5->-r requirements.txt (line 7)) (5.15.14)
Requirement already satisfied: zipp>=3.1.0 in ./myenv/lib/python3.9/site-packages (from importlib-resources>=3.2.0->matplotlib->-r requirements.txt (line 3)) (3.19.2)
Requirement already satisfied: six>=1.5 in ./myenv/lib/python3.9/site-packages (from python-dateutil>=2.7->matplotlib->-r requirements.txt (line 3)) (1.16.0)
running code
cpu_count is 128
beginning simulations...
1 ~ 'N' ~ 14.79
	├──0.23 ~ 'N' ~ 14.56
		    ├──14.56 ~ 'SpeciesZero' ~ 0
		    └──7.41 ~ 'N' ~ 7.15
			      ├──7.15 ~ 'SpeciesOne' ~ 0
			      └──2.06 ~ 'N' ~ 5.09
				        ├──5.09 ~ 'SpeciesTwo' ~ 0
				        └──5.09 ~ 'SpeciesThree' ~ 0
	└──0.08 ~ 'N' ~ 14.7
		    ├──1.32 ~ 'N' ~ 13.38
			      ├──13.38 ~ 'SpeciesFour' ~ 0
			      └──2.46 ~ 'N' ~ 10.92
				        ├──0.21 ~ 'N' ~ 10.71
					          ├──0.59 ~ 'N' ~ 10.12
						            ├──0.48 ~ 'N' ~ 9.64
							              ├──0.68 ~ 'N' ~ 8.95
								               ├──0.04 ~ 'N' ~ 8.91
									                 ├──1.68 ~ 'N' ~ 7.23
										                   ├──0.44 ~ 'N' ~ 6.79
											                     ├──6.79 ~ 'SpeciesFive' ~ 0
											                     └──0.51 ~ 'N' ~ 6.28
												                      ├──1.68 ~ 'N' ~ 4.6
													                        ├──0.12 ~ 'N' ~ 4.49
														                          ├──4.49 ~ 'SpeciesSix' ~ 0
														                          └──0.08 ~ 'N' ~ 4.41
															                            ├──4.41 ~ 'SpeciesSeven' ~ 0
															                            └──0.14 ~ 'N' ~ 4.27
																                              ├──4.27 ~ 'SpeciesEight' ~ 0
																                              └──0.06 ~ 'N' ~ 4.21
																	                                ├──1.93 ~ 'N' ~ 2.28
																		                                 ├──2.28 ~ 'SpeciesNine' ~ 0
																		                                 └──2.28 ~ 'SpeciesTen' ~ 0
																	                                └──1.3 ~ 'N' ~ 2.91
																		                                 ├──2.91 ~ 'SpeciesEleven' ~ 0
																		                                 └──0.1 ~ 'N' ~ 2.81
																			                                   ├──1.07 ~ 'N' ~ 1.74
																				                                     ├──0.3 ~ 'N' ~ 1.44
																					                                       ├──1.44 ~ 'SpeciesTwelve' ~ 0
																					                                       └──1.15 ~ 'N' ~ 0.3
																						                                        ├──0.3 ~ 'SpeciesThirteen' ~ 0
																						                                        └──0.3 ~ 'SpeciesFourteen' ~ 0
																				                                     └──1.74 ~ 'SpeciesFifteen' ~ 0
																			                                   └──0.44 ~ 'N' ~ 2.37
																				                                     ├──2.37 ~ 'SpeciesSixteen' ~ 0
																				                                     └──0.36 ~ 'N' ~ 2.01
																					                                       ├──2.01 ~ 'SpeciesSeventeen' ~ 0
																					                                       └──0.53 ~ 'N' ~ 1.48
																						                                        ├──0.44 ~ 'N' ~ 1.04
																							                                          ├──0.66 ~ 'N' ~ 0.37
																								                                            ├──0.37 ~ 'SpeciesEighteen' ~ 0
																								                                            └──0.06 ~ 'N' ~ 0.32
																									                                              ├──0.32 ~ 'SpeciesNineteen' ~ 0
																									                                              └──0.17 ~ 'N' ~ 0.15
																										                                                ├──0.15 ~ 'SpeciesTwenty' ~ 0
																										                                                └──0.15 ~ 'SpeciesTwenty-One' ~ 0
																							                                          └──0.1 ~ 'N' ~ 0.93
																								                                            ├──0.93 ~ 'SpeciesTwenty-Two' ~ 0
																								                                            └──0.12 ~ 'N' ~ 0.82
																									                                              ├──0.82 ~ 'SpeciesTwenty-Three' ~ 0
																									                                              └──0.82 ~ 'SpeciesTwenty-Four' ~ 0
																						                                        └──1.48 ~ 'SpeciesTwenty-Five' ~ 0
													                        └──4.6 ~ 'SpeciesTwenty-Six' ~ 0
												                      └──0.84 ~ 'N' ~ 5.44
													                        ├──3.49 ~ 'N' ~ 1.95
														                          ├──1.95 ~ 'SpeciesTwenty-Seven' ~ 0
														                          └──1.95 ~ 'SpeciesTwenty-Eight' ~ 0
													                        └──5.44 ~ 'SpeciesTwenty-Nine' ~ 0
										                   └──0.24 ~ 'N' ~ 6.98
											                     ├──6.98 ~ 'SpeciesThirty' ~ 0
											                     └──6.98 ~ 'SpeciesThirty-One' ~ 0
									                 └──8.91 ~ 'SpeciesThirty-Two' ~ 0
								               └──1.33 ~ 'N' ~ 7.62
									                 ├──7.62 ~ 'SpeciesThirty-Three' ~ 0
									                 └──1.5 ~ 'N' ~ 6.12
										                   ├──0.6 ~ 'N' ~ 5.52
											                     ├──4.92 ~ 'N' ~ 0.59
												                      ├──0.59 ~ 'SpeciesThirty-Four' ~ 0
												                      └──0.59 ~ 'SpeciesThirty-Five' ~ 0
											                     └──5.52 ~ 'SpeciesThirty-Six' ~ 0
										                   └──1.38 ~ 'N' ~ 4.74
											                     ├──1.46 ~ 'N' ~ 3.28
												                      ├──0.45 ~ 'N' ~ 2.83
													                        ├──0.11 ~ 'N' ~ 2.72
														                          ├──2.72 ~ 'SpeciesThirty-Seven' ~ 0
														                          └──0.18 ~ 'N' ~ 2.55
															                            ├──0.25 ~ 'N' ~ 2.3
																                              ├──0.59 ~ 'N' ~ 1.71
																	                                ├──1.71 ~ 'SpeciesThirty-Eight' ~ 0
																	                                └──1.71 ~ 'SpeciesThirty-Nine' ~ 0
																                              └──2.3 ~ 'SpeciesForty' ~ 0
															                            └──2.55 ~ 'SpeciesForty-One' ~ 0
													                        └──0.37 ~ 'N' ~ 2.46
														                          ├──2.46 ~ 'SpeciesForty-Two' ~ 0
														                          └──2.46 ~ 'SpeciesForty-Three' ~ 0
												                      └──0.12 ~ 'N' ~ 3.17
													                        ├──3.17 ~ 'SpeciesForty-Four' ~ 0
													                        └──0.45 ~ 'N' ~ 2.71
														                          ├──2.71 ~ 'SpeciesForty-Five' ~ 0
														                          └──2.71 ~ 'SpeciesForty-Six' ~ 0
											                     └──0.59 ~ 'N' ~ 4.15
												                      ├──4.15 ~ 'SpeciesForty-Seven' ~ 0
												                      └──4.15 ~ 'SpeciesForty-Eight' ~ 0
							              └──9.64 ~ 'SpeciesForty-Nine' ~ 0
						            └──10.12 ~ 'SpeciesFifty' ~ 0
					          └──0.92 ~ 'N' ~ 9.79
						            ├──9.79 ~ 'SpeciesFifty-One' ~ 0
						            └──9.79 ~ 'SpeciesFifty-Two' ~ 0
				        └──10.92 ~ 'SpeciesFifty-Three' ~ 0
		    └──0.05 ~ 'N' ~ 14.65
			      ├──14.65 ~ 'SpeciesFifty-Four' ~ 0
			      └──0.04 ~ 'N' ~ 14.61
				        ├──1.17 ~ 'N' ~ 13.44
					          ├──13.44 ~ 'SpeciesFifty-Five' ~ 0
					          └──13.44 ~ 'SpeciesFifty-Six' ~ 0
				        └──0.2 ~ 'N' ~ 14.41
					          ├──0.84 ~ 'N' ~ 13.57
						            ├──7.88 ~ 'N' ~ 5.68
							              ├──5.68 ~ 'SpeciesFifty-Seven' ~ 0
							              └──3.61 ~ 'N' ~ 2.07
								               ├──2.07 ~ 'SpeciesFifty-Eight' ~ 0
								               └──1.75 ~ 'N' ~ 0.32
									                 ├──0.32 ~ 'SpeciesFifty-Nine' ~ 0
									                 └──0.32 ~ 'SpeciesSixty' ~ 0
						            └──0.25 ~ 'N' ~ 13.31
							              ├──13.31 ~ 'SpeciesSixty-One' ~ 0
							              └──0.69 ~ 'N' ~ 12.63
								               ├──12.63 ~ 'SpeciesSixty-Two' ~ 0
								               └──12.63 ~ 'SpeciesSixty-Three' ~ 0
					          └──14.41 ~ 'SpeciesSixty-Four' ~ 0

	generated tree with 65 nodes
simulations done...
starting MCMC chains...

100%|█████████▉| 14997/15000 [45:47:38<00:43, 14.57s/it][A
100%|█████████▉| 14998/15000 [45:47:58<00:31, 15.66s/it][A
100%|█████████▉| 14999/15000 [45:48:17<00:16, 16.52s/it][A
100%|██████████| 15000/15000 [45:48:35<00:00, 17.07s/it][A100%|██████████| 15000/15000 [45:48:35<00:00, 10.99s/it]
acceptance rate 0.23685087660822612
Traceback (most recent call last):
  File "/home/djayanthy/thesis_likelihood/simulate_tree.py", line 51, in <module>
    target(str1, N, t, Q1, alpha, d, D0, B, Pi, 101, 1, multip=True)
  File "/home/djayanthy/thesis_likelihood/sim.py", line 221, in target
    with open(parentdir + f"/csv/c{i+1}a.csv", 'w+', newline = '') as csvfile:
FileNotFoundError: [Errno 2] No such file or directory: '/home/djayanthy/csv/c102a.csv'
srun: error: spartan-bm163: task 0: Exited with exit code 1
